<?xml version="1.0" encoding="UTF-8"?>
<!-- Generated by org.testng.reporters.JUnitReportReporter -->
<testsuite name="com.jass.tests.LoginTest2" tests="1" time="7.533" ignored="0" failures="0" timestamp="25 Jan 2017 07:21:24 GMT" skipped="0" hostname="LAPTOP-KQG856PQ" errors="0">
  <testcase name="testcase01" time="7.533" classname="com.jass.tests.LoginTest2"/>
</testsuite> <!-- com.jass.tests.LoginTest2 -->
